build/outputs/logs/manifest-merger-debug-report.txt
-- Merging decision tree log ---
manifest
ADDED from AndroidStudioProjects\PJI_TrainV1\AndroidManifest.xml:2:1-38:12
	package
		ADDED from AndroidStudioProjects\PJI_TrainV1\AndroidManifest.xml:3:5-27
	android:versionName
		ADDED from AndroidStudioProjects\PJI_TrainV1\AndroidManifest.xml:5:5-30
	android:versionCode
		ADDED from AndroidStudioProjects\PJI_TrainV1\AndroidManifest.xml:4:5-28
		INJECTED from AndroidStudioProjects\PJI_TrainV1\AndroidManifest.xml
		INJECTED from AndroidStudioProjects\PJI_TrainV1\AndroidManifest.xml
	xmlns:android
		ADDED from AndroidStudioProjects\PJI_TrainV1\AndroidManifest.xml:2:11-69
uses-sdk
ADDED from AndroidStudioProjects\PJI_TrainV1\AndroidManifest.xml:7:5-9:41
	android:targetSdkVersion
		ADDED from AndroidStudioProjects\PJI_TrainV1\AndroidManifest.xml:9:9-38
	android:minSdkVersion
		ADDED from AndroidStudioProjects\PJI_TrainV1\AndroidManifest.xml:8:9-35
uses-permission#android.permission.ACCESS_COARSE_LOCATION
ADDED from AndroidStudioProjects\PJI_TrainV1\AndroidManifest.xml:11:5-81
	android:name
		ADDED from AndroidStudioProjects\PJI_TrainV1\AndroidManifest.xml:11:22-78
uses-permission#android.permission.ACCESS_FINE_LOCATION
ADDED from AndroidStudioProjects\PJI_TrainV1\AndroidManifest.xml:12:5-79
	android:name
		ADDED from AndroidStudioProjects\PJI_TrainV1\AndroidManifest.xml:12:22-76
uses-permission#android.permission.ACCESS_WIFI_STATE
ADDED from AndroidStudioProjects\PJI_TrainV1\AndroidManifest.xml:13:5-76
	android:name
		ADDED from AndroidStudioProjects\PJI_TrainV1\AndroidManifest.xml:13:22-73
uses-permission#android.permission.ACCESS_NETWORK_STATE
ADDED from AndroidStudioProjects\PJI_TrainV1\AndroidManifest.xml:14:5-79
	android:name
		ADDED from AndroidStudioProjects\PJI_TrainV1\AndroidManifest.xml:14:22-76
uses-permission#android.permission.INTERNET
ADDED from AndroidStudioProjects\PJI_TrainV1\AndroidManifest.xml:15:5-67
	android:name
		ADDED from AndroidStudioProjects\PJI_TrainV1\AndroidManifest.xml:15:22-64
uses-permission#android.permission.WRITE_EXTERNAL_STORAGE
ADDED from AndroidStudioProjects\PJI_TrainV1\AndroidManifest.xml:16:5-81
	android:name
		ADDED from AndroidStudioProjects\PJI_TrainV1\AndroidManifest.xml:16:22-78
application
ADDED from AndroidStudioProjects\PJI_TrainV1\AndroidManifest.xml:18:5-36:19
	android:label
		ADDED from AndroidStudioProjects\PJI_TrainV1\AndroidManifest.xml:21:9-41
	android:allowBackup
		ADDED from AndroidStudioProjects\PJI_TrainV1\AndroidManifest.xml:19:9-35
	android:icon
		ADDED from AndroidStudioProjects\PJI_TrainV1\AndroidManifest.xml:20:9-45
	android:theme
		ADDED from AndroidStudioProjects\PJI_TrainV1\AndroidManifest.xml:22:9-40
activity#fr.pji.train.Accueil
ADDED from AndroidStudioProjects\PJI_TrainV1\AndroidManifest.xml:23:9-31:20
	android:label
		ADDED from AndroidStudioProjects\PJI_TrainV1\AndroidManifest.xml:25:13-45
	android:name
		ADDED from AndroidStudioProjects\PJI_TrainV1\AndroidManifest.xml:24:13-36
intent-filter#android.intent.action.MAIN+android.intent.category.LAUNCHER
ADDED from AndroidStudioProjects\PJI_TrainV1\AndroidManifest.xml:26:13-30:29
action#android.intent.action.MAIN
ADDED from AndroidStudioProjects\PJI_TrainV1\AndroidManifest.xml:27:17-69
	android:name
		ADDED from AndroidStudioProjects\PJI_TrainV1\AndroidManifest.xml:27:25-66
category#android.intent.category.LAUNCHER
ADDED from AndroidStudioProjects\PJI_TrainV1\AndroidManifest.xml:29:17-77
	android:name
		ADDED from AndroidStudioProjects\PJI_TrainV1\AndroidManifest.xml:29:27-74
activity#fr.pji.train.activity.CarteActivity
ADDED from AndroidStudioProjects\PJI_TrainV1\AndroidManifest.xml:32:9-35:20
	android:label
		ADDED from AndroidStudioProjects\PJI_TrainV1\AndroidManifest.xml:34:13-57
	android:name
		ADDED from AndroidStudioProjects\PJI_TrainV1\AndroidManifest.xml:33:13-63